
=== Fri Nov 28 14:27:34 2025

Packages were changed.
Update Mode: mergeDefaultDependencies

The following packages were added:
  com.unity.modules.cloth@1.0.0
  com.unity.modules.director@1.0.0
  com.unity.modules.imgui@1.0.0
  com.unity.modules.jsonserialize@1.0.0
  com.unity.modules.physics@1.0.0
  com.unity.modules.screencapture@1.0.0
  com.unity.modules.terrainphysics@1.0.0
  com.unity.modules.tilemap@1.0.0
  com.unity.modules.ui@1.0.0
  com.unity.modules.uielements@1.0.0
  com.unity.modules.umbra@1.0.0
  com.unity.modules.unitywebrequest@1.0.0
  com.unity.modules.unitywebrequestassetbundle@1.0.0
  com.unity.modules.unitywebrequestaudio@1.0.0
  com.unity.modules.unitywebrequesttexture@1.0.0
  com.unity.modules.unitywebrequestwww@1.0.0
  com.unity.modules.vehicles@1.0.0
  com.unity.modules.wind@1.0.0
  com.unity.multiplayer.center@1.0.0
The following packages were updated:
  com.unity.inputsystem from version 1.13.1 to 1.14.2
  com.unity.learn.iet-framework from version 4.0.4 to 5.0.2
  com.unity.render-pipelines.universal from version 17.0.3 to 17.2.0
  com.unity.xr.androidxr-openxr from version 1.0.1 to 1.0.2
  com.unity.xr.hands from version 1.6.1 to 1.7.0
  com.unity.xr.management from version 4.5.1 to 4.5.3
  com.unity.xr.openxr from version 1.15.1 to 1.16.0
